Determining if the pthread_create exist failed with the following output:
Change Dir: /home/sim/SFND_Lidar_Obstacle_Detection/build/CMakeFiles/CMakeTmp

Run Build Command:"/usr/bin/make" "cmTC_ebd99/fast"
/usr/bin/make -f CMakeFiles/cmTC_ebd99.dir/build.make CMakeFiles/cmTC_ebd99.dir/build
make[1]: Entering directory '/home/sim/SFND_Lidar_Obstacle_Detection/build/CMakeFiles/CMakeTmp'
Building C object CMakeFiles/cmTC_ebd99.dir/CheckSymbolExists.c.o
/usr/bin/cc    -o CMakeFiles/cmTC_ebd99.dir/CheckSymbolExists.c.o   -c /home/sim/SFND_Lidar_Obstacle_Detection/build/CMakeFiles/CMakeTmp/CheckSymbolExists.c
Linking C executable cmTC_ebd99
/usr/bin/cmake -E cmake_link_script CMakeFiles/cmTC_ebd99.dir/link.txt --verbose=1
/usr/bin/cc      -rdynamic CMakeFiles/cmTC_ebd99.dir/CheckSymbolExists.c.o  -o cmTC_ebd99 
CMakeFiles/cmTC_ebd99.dir/CheckSymbolExists.c.o: In function `main':
CheckSymbolExists.c:(.text+0x1b): undefined reference to `pthread_create'
collect2: error: ld returned 1 exit status
CMakeFiles/cmTC_ebd99.dir/build.make:97: recipe for target 'cmTC_ebd99' failed
make[1]: *** [cmTC_ebd99] Error 1
make[1]: Leaving directory '/home/sim/SFND_Lidar_Obstacle_Detection/build/CMakeFiles/CMakeTmp'
Makefile:126: recipe for target 'cmTC_ebd99/fast' failed
make: *** [cmTC_ebd99/fast] Error 2

File /home/sim/SFND_Lidar_Obstacle_Detection/build/CMakeFiles/CMakeTmp/CheckSymbolExists.c:
/* */
#include <pthread.h>

int main(int argc, char** argv)
{
  (void)argv;
#ifndef pthread_create
  return ((int*)(&pthread_create))[argc];
#else
  (void)argc;
  return 0;
#endif
}

Determining if the function pthread_create exists in the pthreads failed with the following output:
Change Dir: /home/sim/SFND_Lidar_Obstacle_Detection/build/CMakeFiles/CMakeTmp

Run Build Command:"/usr/bin/make" "cmTC_cc7dc/fast"
/usr/bin/make -f CMakeFiles/cmTC_cc7dc.dir/build.make CMakeFiles/cmTC_cc7dc.dir/build
make[1]: Entering directory '/home/sim/SFND_Lidar_Obstacle_Detection/build/CMakeFiles/CMakeTmp'
Building C object CMakeFiles/cmTC_cc7dc.dir/CheckFunctionExists.c.o
/usr/bin/cc   -DCHECK_FUNCTION_EXISTS=pthread_create   -o CMakeFiles/cmTC_cc7dc.dir/CheckFunctionExists.c.o   -c /usr/share/cmake-3.10/Modules/CheckFunctionExists.c
Linking C executable cmTC_cc7dc
/usr/bin/cmake -E cmake_link_script CMakeFiles/cmTC_cc7dc.dir/link.txt --verbose=1
/usr/bin/cc  -DCHECK_FUNCTION_EXISTS=pthread_create    -rdynamic CMakeFiles/cmTC_cc7dc.dir/CheckFunctionExists.c.o  -o cmTC_cc7dc -lpthreads 
/usr/bin/ld: cannot find -lpthreads
collect2: error: ld returned 1 exit status
CMakeFiles/cmTC_cc7dc.dir/build.make:97: recipe for target 'cmTC_cc7dc' failed
make[1]: *** [cmTC_cc7dc] Error 1
make[1]: Leaving directory '/home/sim/SFND_Lidar_Obstacle_Detection/build/CMakeFiles/CMakeTmp'
Makefile:126: recipe for target 'cmTC_cc7dc/fast' failed
make: *** [cmTC_cc7dc/fast] Error 2


